# JRE version: Java(TM) SE Runtime Environment (8.0_202-b08) (build 1.8.0_202-b08)
# Java VM: Java HotSpot(TM) 64-Bit Server VM (25.202-b08 mixed mode windows-amd64 compressed oops)
Heap:
 PSYoungGen      total 545792K, used 28698K [0x0000000715b00000, 0x000000073ff80000, 0x00000007c0000000)
  eden space 522240K, 5% used [0x0000000715b00000,0x0000000717706888,0x0000000735900000)
  from space 23552K, 0% used [0x0000000735900000,0x0000000735900000,0x0000000737000000)
  to   space 24576K, 0% used [0x000000073e780000,0x000000073e780000,0x000000073ff80000)
 ParOldGen       total 362496K, used 21940K [0x00000005c1000000, 0x00000005d7200000, 0x0000000715b00000)
  object space 362496K, 6% used [0x00000005c1000000,0x00000005c256d1d8,0x00000005d7200000)
 Metaspace       used 55770K, capacity 58996K, committed 59284K, reserved 1099776K
  class space    used 7571K, capacity 8143K, committed 8192K, reserved 1048576K
GC Heap History (10 events):
Event: 6.899 GC heap before
{Heap before GC invocations=9 (full 2):
 PSYoungGen      total 387072K, used 372224K [0x0000000715b00000, 0x0000000730500000, 0x00000007c0000000)
  eden space 372224K, 100% used [0x0000000715b00000,0x000000072c680000,0x000000072c680000)
  from space 14848K, 0% used [0x000000072d680000,0x000000072d680000,0x000000072e500000)
  to   space 16384K, 0% used [0x000000072c680000,0x000000072c680000,0x000000072d680000)
 ParOldGen       total 267264K, used 16581K [0x00000005c1000000, 0x00000005d1500000, 0x0000000715b00000)
  object space 267264K, 6% used [0x00000005c1000000,0x00000005c2031720,0x00000005d1500000)
 Metaspace       used 53044K, capacity 56176K, committed 56448K, reserved 1097728K
  class space    used 7178K, capacity 7717K, committed 7808K, reserved 1048576K
Event: 6.916 GC heap after
Heap after GC invocations=9 (full 2):
 PSYoungGen      total 388608K, used 16372K [0x0000000715b00000, 0x0000000738f80000, 0x00000007c0000000)
  eden space 372224K, 0% used [0x0000000715b00000,0x0000000715b00000,0x000000072c680000)
  from space 16384K, 99% used [0x000000072c680000,0x000000072d67d120,0x000000072d680000)
  to   space 23552K, 0% used [0x0000000737880000,0x0000000737880000,0x0000000738f80000)
 ParOldGen       total 267264K, used 24968K [0x00000005c1000000, 0x00000005d1500000, 0x0000000715b00000)
  object space 267264K, 9% used [0x00000005c1000000,0x00000005c2862258,0x00000005d1500000)
 Metaspace       used 53044K, capacity 56176K, committed 56448K, reserved 1097728K
  class space    used 7178K, capacity 7717K, committed 7808K, reserved 1048576K
}
Event: 695.127 GC heap before
{Heap before GC invocations=10 (full 2):
 PSYoungGen      total 388608K, used 136818K [0x0000000715b00000, 0x0000000738f80000, 0x00000007c0000000)
  eden space 372224K, 32% used [0x0000000715b00000,0x000000071d09f7f8,0x000000072c680000)
  from space 16384K, 99% used [0x000000072c680000,0x000000072d67d120,0x000000072d680000)
  to   space 23552K, 0% used [0x0000000737880000,0x0000000737880000,0x0000000738f80000)
 ParOldGen       total 267264K, used 24968K [0x00000005c1000000, 0x00000005d1500000, 0x0000000715b00000)
  object space 267264K, 9% used [0x00000005c1000000,0x00000005c2862258,0x00000005d1500000)
 Metaspace       used 55726K, capacity 58930K, committed 59028K, reserved 1099776K
  class space    used 7549K, capacity 8141K, committed 8192K, reserved 1048576K
Event: 695.137 GC heap after
Heap after GC invocations=10 (full 2):
 PSYoungGen      total 520704K, used 14664K [0x0000000715b00000, 0x0000000738700000, 0x00000007c0000000)
  eden space 505856K, 0% used [0x0000000715b00000,0x0000000715b00000,0x0000000734900000)
  from space 14848K, 98% used [0x0000000737880000,0x00000007386d20b0,0x0000000738700000)
  to   space 23552K, 0% used [0x0000000735900000,0x0000000735900000,0x0000000737000000)
 ParOldGen       total 267264K, used 24984K [0x00000005c1000000, 0x00000005d1500000, 0x0000000715b00000)
  object space 267264K, 9% used [0x00000005c1000000,0x00000005c2866268,0x00000005d1500000)
 Metaspace       used 55726K, capacity 58930K, committed 59028K, reserved 1099776K
  class space    used 7549K, capacity 8141K, committed 8192K, reserved 1048576K
}
Event: 695.137 GC heap before
{Heap before GC invocations=11 (full 3):
 PSYoungGen      total 520704K, used 14664K [0x0000000715b00000, 0x0000000738700000, 0x00000007c0000000)
  eden space 505856K, 0% used [0x0000000715b00000,0x0000000715b00000,0x0000000734900000)
  from space 14848K, 98% used [0x0000000737880000,0x00000007386d20b0,0x0000000738700000)
  to   space 23552K, 0% used [0x0000000735900000,0x0000000735900000,0x0000000737000000)
 ParOldGen       total 267264K, used 24984K [0x00000005c1000000, 0x00000005d1500000, 0x0000000715b00000)
  object space 267264K, 9% used [0x00000005c1000000,0x00000005c2866268,0x00000005d1500000)
 Metaspace       used 55726K, capacity 58930K, committed 59028K, reserved 1099776K
  class space    used 7549K, capacity 8141K, committed 8192K, reserved 1048576K
Event: 695.273 GC heap after
Heap after GC invocations=11 (full 3):
 PSYoungGen      total 520704K, used 0K [0x0000000715b00000, 0x0000000738700000, 0x00000007c0000000)
  eden space 505856K, 0% used [0x0000000715b00000,0x0000000715b00000,0x0000000734900000)
  from space 14848K, 0% used [0x0000000737880000,0x0000000737880000,0x0000000738700000)
  to   space 23552K, 0% used [0x0000000735900000,0x0000000735900000,0x0000000737000000)
 ParOldGen       total 362496K, used 25309K [0x00000005c1000000, 0x00000005d7200000, 0x0000000715b00000)
  object space 362496K, 6% used [0x00000005c1000000,0x00000005c28b7440,0x00000005d7200000)
 Metaspace       used 55707K, capacity 58888K, committed 59028K, reserved 1099776K
  class space    used 7543K, capacity 8132K, committed 8192K, reserved 1048576K
}
Event: 695.287 GC heap before
{Heap before GC invocations=12 (full 3):
 PSYoungGen      total 520704K, used 13794K [0x0000000715b00000, 0x0000000738700000, 0x00000007c0000000)
  eden space 505856K, 2% used [0x0000000715b00000,0x0000000716878b98,0x0000000734900000)
  from space 14848K, 0% used [0x0000000737880000,0x0000000737880000,0x0000000738700000)
  to   space 23552K, 0% used [0x0000000735900000,0x0000000735900000,0x0000000737000000)
 ParOldGen       total 362496K, used 25309K [0x00000005c1000000, 0x00000005d7200000, 0x0000000715b00000)
  object space 362496K, 6% used [0x00000005c1000000,0x00000005c28b7440,0x00000005d7200000)
 Metaspace       used 55723K, capacity 58978K, committed 59284K, reserved 1099776K
  class space    used 7549K, capacity 8139K, committed 8192K, reserved 1048576K
Event: 695.289 GC heap after
Heap after GC invocations=12 (full 3):
 PSYoungGen      total 545792K, used 224K [0x0000000715b00000, 0x000000073ff80000, 0x00000007c0000000)
  eden space 522240K, 0% used [0x0000000715b00000,0x0000000715b00000,0x0000000735900000)
  from space 23552K, 0% used [0x0000000735900000,0x0000000735938000,0x0000000737000000)
  to   space 24576K, 0% used [0x000000073e780000,0x000000073e780000,0x000000073ff80000)
 ParOldGen       total 362496K, used 25317K [0x00000005c1000000, 0x00000005d7200000, 0x0000000715b00000)
  object space 362496K, 6% used [0x00000005c1000000,0x00000005c28b9440,0x00000005d7200000)
 Metaspace       used 55723K, capacity 58978K, committed 59284K, reserved 1099776K
  class space    used 7549K, capacity 8139K, committed 8192K, reserved 1048576K
}
Event: 695.289 GC heap before
{Heap before GC invocations=13 (full 4):
 PSYoungGen      total 545792K, used 224K [0x0000000715b00000, 0x000000073ff80000, 0x00000007c0000000)
  eden space 522240K, 0% used [0x0000000715b00000,0x0000000715b00000,0x0000000735900000)
  from space 23552K, 0% used [0x0000000735900000,0x0000000735938000,0x0000000737000000)
  to   space 24576K, 0% used [0x000000073e780000,0x000000073e780000,0x000000073ff80000)
 ParOldGen       total 362496K, used 25317K [0x00000005c1000000, 0x00000005d7200000, 0x0000000715b00000)
  object space 362496K, 6% used [0x00000005c1000000,0x00000005c28b9440,0x00000005d7200000)
 Metaspace       used 55723K, capacity 58978K, committed 59284K, reserved 1099776K
  class space    used 7549K, capacity 8139K, committed 8192K, reserved 1048576K
Event: 695.451 GC heap after
Heap after GC invocations=13 (full 4):
 PSYoungGen      total 545792K, used 0K [0x0000000715b00000, 0x000000073ff80000, 0x00000007c0000000)
  eden space 522240K, 0% used [0x0000000715b00000,0x0000000715b00000,0x0000000735900000)
  from space 23552K, 0% used [0x0000000735900000,0x0000000735900000,0x0000000737000000)
  to   space 24576K, 0% used [0x000000073e780000,0x000000073e780000,0x000000073ff80000)
 ParOldGen       total 362496K, used 21940K [0x00000005c1000000, 0x00000005d7200000, 0x0000000715b00000)
  object space 362496K, 6% used [0x00000005c1000000,0x00000005c256d1d8,0x00000005d7200000)
 Metaspace       used 55723K, capacity 58978K, committed 59284K, reserved 1099776K
  class space    used 7549K, capacity 8139K, committed 8192K, reserved 1048576K
}

